2024-09-24 15:06:52,600 NanoPlot 1.41.6 started with arguments Namespace(N50=False, alength=False, bam=['alignment.bam'], barcoded=False, color='#4CB391', colormap='Greens', cram=None, downsample=None, dpi=100, drop_outliers=False, fasta=None, fastq=None, fastq_minimal=None, fastq_rich=None, feather=None, font_scale=1, format=['png'], hide_stats=False, huge=False, info_in_report=False, legacy=None, listcolormaps=False, listcolors=False, loglength=False, maxlength=None, minlength=None, minqual=None, no_N50=False, no_static=False, no_supplementary=False, outdir='nanoplot-bam', path='nanoplot-bam/', percentqual=False, pickle=None, plots=['hex', 'dot'], prefix='', raw=False, readtype='1D', runtime_until=None, store=False, summary=None, threads=20, title=None, tsv_stats=False, ubam=None, verbose=False)
2024-09-24 15:06:52,600 Python version is: 3.6.13 |Anaconda, Inc.| (default, Jun  4 2021, 14:25:59)  [GCC 7.5.0]
2024-09-24 15:06:52,604 Nanoget: Starting to collect statistics from bam file alignment.bam.
2024-09-24 15:06:52,610 Nanoget: Bam file alignment.bam contains 1197 mapped and 40 unmapped reads.
2024-09-24 15:06:53,809 Nanoget: bam alignment.bam contains 1115 primary alignments.
2024-09-24 15:06:53,824 Reduced DataFrame memory usage from 0.1349325180053711Mb to 0.10622215270996094Mb
2024-09-24 15:06:53,831 Nanoget: Gathered all metrics of 1115 reads
2024-09-24 15:06:53,840 Calculated statistics
2024-09-24 15:06:53,841 Using sequenced read lengths for plotting.
2024-09-24 15:06:53,842 NanoPlot:  Valid color #4CB391.
2024-09-24 15:06:53,842 NanoPlot:  Valid colormap Greens.
2024-09-24 15:06:53,843 NanoPlot:  Creating length plots for Read length.
2024-09-24 15:06:53,843 NanoPlot:  Using 1115 reads maximum of 99139bp.
2024-09-24 15:06:54,572 Saved nanoplot-bam/WeightedHistogramReadlength  as png (or png for --legacy)
2024-09-24 15:06:55,225 Saved nanoplot-bam/WeightedLogTransformed_HistogramReadlength  as png (or png for --legacy)
2024-09-24 15:06:55,883 Saved nanoplot-bam/Non_weightedHistogramReadlength  as png (or png for --legacy)
2024-09-24 15:06:56,558 Saved nanoplot-bam/Non_weightedLogTransformed_HistogramReadlength  as png (or png for --legacy)
2024-09-24 15:06:57,810 Saved nanoplot-bam/Yield_By_Length  as png (or png for --legacy)
2024-09-24 15:06:57,810 Created length plots
2024-09-24 15:06:57,812 NanoPlot: Creating Read lengths vs Average read quality plots using 1115 reads.
2024-09-24 15:06:58,724 Saved nanoplot-bam/LengthvsQualityScatterPlot_dot  as png (or png for --legacy)
2024-09-24 15:06:58,724 Created LengthvsQual plot
2024-09-24 15:06:58,726 NanoPlot: Creating Aligned read lengths vs Sequenced read length plots using 1115 reads.
2024-09-24 15:06:59,641 Saved nanoplot-bam/AlignedReadlengthvsSequencedReadLength_dot  as png (or png for --legacy)
2024-09-24 15:06:59,642 Created AlignedLength vs Length plot.
2024-09-24 15:06:59,642 NanoPlot: Creating Read mapping quality vs Average basecall quality plots using 1115 reads.
2024-09-24 15:07:00,552 Saved nanoplot-bam/MappingQualityvsAverageBaseQuality_dot  as png (or png for --legacy)
2024-09-24 15:07:00,552 Created MapQvsBaseQ plot.
2024-09-24 15:07:00,554 NanoPlot: Creating Read length vs Read mapping quality plots using 1115 reads.
2024-09-24 15:07:01,465 Saved nanoplot-bam/MappingQualityvsReadLength_dot  as png (or png for --legacy)
2024-09-24 15:07:01,465 Created Mapping quality vs read length plot.
2024-09-24 15:07:01,465 NanoPlot: Creating Percent identity vs Average Base Quality plots using 1115 reads.
2024-09-24 15:07:02,367 Saved nanoplot-bam/PercentIdentityvsAverageBaseQuality_dot  as png (or png for --legacy)
2024-09-24 15:07:02,368 Created Percent ID vs Base quality plot.
2024-09-24 15:07:02,370 NanoPlot: Creating Aligned read length vs Percent identity plots using 1115 reads.
2024-09-24 15:07:03,281 Saved nanoplot-bam/PercentIdentityvsAlignedReadLength_dot  as png (or png for --legacy)
2024-09-24 15:07:03,959 Saved nanoplot-bam/PercentIdentityHistogramDynamic_Histogram_percent_identity  as png (or png for --legacy)
2024-09-24 15:07:03,959 Created Percent ID vs Length plot
2024-09-24 15:07:03,959 Writing html report.
2024-09-24 15:07:03,980 Finished!
